SF:lib/mt_map.dart
DA:10,24
DA:13,0
DA:14,0
DA:21,8
DA:22,16
DA:27,0
DA:34,0
DA:44,8
DA:45,16
DA:49,0
DA:56,0
DA:66,0
DA:67,0
DA:71,0
DA:76,0
DA:84,0
DA:85,0
DA:89,0
DA:90,0
DA:94,0
DA:95,0
DA:99,0
DA:106,0
DA:116,0
DA:123,0
LF:25
LH:5
end_of_record
SF:lib/mt_map_platform_interface.dart
DA:7,24
DA:9,24
DA:11,24
DA:16,16
DA:21,0
DA:22,0
DA:26,0
DA:27,0
DA:30,0
DA:31,0
DA:34,0
DA:41,0
DA:44,0
DA:45,0
DA:48,0
DA:55,0
DA:58,0
DA:59,0
DA:62,0
DA:67,0
DA:70,0
DA:71,0
DA:74,0
DA:75,0
DA:78,0
DA:79,0
DA:82,0
DA:89,0
DA:92,0
DA:99,0
DA:103,0
DA:109,0
DA:112,0
DA:113,0
DA:116,0
DA:122,0
DA:125,0
DA:126,0
DA:129,0
DA:135,0
DA:138,0
DA:139,0
DA:142,0
DA:143,0
DA:146,0
DA:147,0
DA:150,0
DA:151,0
DA:154,0
DA:155,0
DA:158,0
DA:159,0
LF:52
LH:4
end_of_record
SF:lib/mt_map_widget.dart
DA:19,8
DA:26,8
DA:27,8
DA:49,8
DA:51,8
DA:52,8
DA:53,8
DA:56,8
DA:58,8
DA:59,8
DA:63,0
DA:64,0
DA:65,0
DA:69,0
DA:70,0
DA:73,0
DA:74,0
DA:75,0
DA:80,0
DA:81,0
DA:82,0
DA:87,0
DA:88,0
DA:89,0
DA:95,8
DA:98,32
DA:99,8
DA:100,4
DA:102,10
DA:107,8
DA:109,0
DA:110,0
DA:112,0
DA:117,32
DA:119,0
DA:120,0
DA:124,0
DA:125,0
DA:126,0
DA:127,0
DA:131,0
DA:136,0
DA:137,0
DA:139,0
DA:142,0
DA:143,0
DA:144,0
DA:146,0
DA:151,8
DA:152,8
DA:154,0
DA:155,0
DA:156,0
DA:157,0
DA:159,0
DA:163,0
DA:164,0
DA:167,0
DA:168,0
DA:170,0
DA:175,0
DA:176,0
DA:177,0
DA:178,0
DA:180,0
DA:181,0
DA:182,0
DA:183,0
DA:185,0
DA:189,0
DA:190,0
DA:193,0
DA:194,0
DA:195,0
DA:196,0
DA:198,0
DA:203,0
DA:210,0
DA:211,0
DA:216,0
DA:220,0
DA:221,0
DA:225,0
DA:226,0
DA:227,0
DA:228,0
DA:229,0
DA:230,0
DA:234,0
DA:235,0
DA:239,0
DA:240,0
DA:245,0
DA:246,0
DA:250,0
DA:251,0
DA:252,0
DA:253,0
DA:256,0
DA:257,0
DA:260,0
DA:261,0
DA:266,0
DA:267,0
DA:271,0
DA:272,0
DA:273,0
DA:274,0
DA:275,0
DA:278,0
DA:279,0
DA:282,0
DA:283,0
DA:288,0
DA:289,0
DA:291,0
DA:292,0
DA:293,0
DA:297,0
DA:298,0
DA:300,0
DA:301,0
DA:302,0
DA:305,0
DA:306,0
DA:312,8
DA:318,0
DA:324,8
DA:325,8
DA:328,8
DA:330,8
DA:331,4
DA:332,4
DA:333,4
DA:334,4
DA:336,4
DA:337,8
DA:339,4
DA:341,8
DA:344,4
DA:345,4
DA:346,8
DA:350,12
DA:351,4
DA:352,8
DA:353,4
DA:357,0
DA:358,0
DA:360,0
DA:369,8
DA:370,8
DA:371,8
DA:386,0
DA:389,0
DA:391,0
DA:393,0
DA:394,0
DA:395,0
DA:396,0
DA:398,0
DA:401,0
DA:402,0
DA:403,0
DA:408,0
DA:409,0
DA:410,0
DA:411,0
DA:412,0
DA:413,0
DA:438,9
DA:453,9
DA:471,8
DA:482,2
DA:492,2
DA:493,0
DA:494,2
DA:495,2
DA:496,0
DA:497,1
DA:498,2
DA:499,2
DA:500,2
DA:512,7
DA:527,7
DA:543,7
DA:551,2
DA:552,2
DA:553,3
DA:554,2
DA:555,2
DA:556,2
DA:557,2
DA:585,6
LF:193
LH:64
end_of_record
SF:lib/mt_map_method_channel.dart
DA:12,0
DA:14,0
DA:18,8
DA:20,24
DA:24,0
DA:32,0
DA:42,8
DA:44,16
DA:48,0
DA:56,0
DA:66,0
DA:68,0
DA:74,0
DA:80,0
DA:88,0
DA:90,0
DA:94,0
DA:96,0
DA:100,0
DA:102,0
DA:106,0
DA:114,0
DA:124,0
DA:132,0
DA:139,0
DA:143,0
DA:150,0
DA:159,0
DA:161,0
DA:167,0
DA:174,0
DA:183,0
DA:185,0
DA:191,0
DA:198,0
DA:207,0
DA:209,0
DA:215,0
DA:217,0
DA:223,0
DA:225,0
DA:231,0
DA:233,0
DA:239,0
DA:241,0
DA:247,0
DA:249,0
LF:47
LH:4
end_of_record
